Started GET "/" for 127.0.0.1 at 2017-10-19 00:47:13 +0530
Processing by Rails::WelcomeController#index as HTML
  Rendering /var/lib/gems/2.4.0/gems/railties-5.1.4/lib/rails/templates/rails/welcome/index.html.erb
  Rendered /var/lib/gems/2.4.0/gems/railties-5.1.4/lib/rails/templates/rails/welcome/index.html.erb (2.8ms)
Completed 200 OK in 95ms (Views: 5.0ms)


  [1m[35m (0.1ms)[0m  [1m[34mSELECT sqlite_version(*)[0m
  [1m[35m (4.7ms)[0m  [1m[35mCREATE TABLE "schema_migrations" ("version" varchar NOT NULL PRIMARY KEY)[0m
  [1m[35m (3.3ms)[0m  [1m[35mCREATE TABLE "ar_internal_metadata" ("key" varchar NOT NULL PRIMARY KEY, "value" varchar, "created_at" datetime NOT NULL, "updated_at" datetime NOT NULL)[0m
  [1m[35m (0.4ms)[0m  [1m[34mSELECT "schema_migrations"."version" FROM "schema_migrations" ORDER BY "schema_migrations"."version" ASC[0m
Migrating to CreateAlumni (20171022105234)
  [1m[35m (0.1ms)[0m  [1m[36mbegin transaction[0m
  [1m[35m (3.5ms)[0m  [1m[35mCREATE TABLE "alumni" ("id" INTEGER PRIMARY KEY AUTOINCREMENT NOT NULL, "roll_no" integer, "name" varchar, "grad_year" integer, "personal_mail" varchar, "college_mail" varchar, "phone_no" integer, "company_name" varchar, "designation" varchar, "location" varchar, "linkedIn" varchar, "facebook" varchar, "created_at" datetime NOT NULL, "updated_at" datetime NOT NULL)[0m
  [1m[35mSQL (1.8ms)[0m  [1m[32mINSERT INTO "schema_migrations" ("version") VALUES (?)[0m  [["version", "20171022105234"]]
  [1m[35m (3.4ms)[0m  [1m[36mcommit transaction[0m
  [1m[36mActiveRecord::InternalMetadata Load (0.3ms)[0m  [1m[34mSELECT  "ar_internal_metadata".* FROM "ar_internal_metadata" WHERE "ar_internal_metadata"."key" = ? LIMIT ?[0m  [["key", "environment"], ["LIMIT", 1]]
  [1m[35m (0.1ms)[0m  [1m[36mbegin transaction[0m
  [1m[35mSQL (0.8ms)[0m  [1m[32mINSERT INTO "ar_internal_metadata" ("key", "value", "created_at", "updated_at") VALUES (?, ?, ?, ?)[0m  [["key", "environment"], ["value", "development"], ["created_at", "2017-10-22 10:53:09.932896"], ["updated_at", "2017-10-22 10:53:09.932896"]]
  [1m[35m (1.2ms)[0m  [1m[36mcommit transaction[0m
  [1m[35m (0.3ms)[0m  [1m[34mSELECT "schema_migrations"."version" FROM "schema_migrations" ORDER BY "schema_migrations"."version" ASC[0m
Started GET "/admin/alumnus" for 127.0.0.1 at 2017-10-22 16:23:59 +0530
  [1m[35m (0.4ms)[0m  [1m[34mSELECT "schema_migrations"."version" FROM "schema_migrations" ORDER BY "schema_migrations"."version" ASC[0m
Processing by RailsAdmin::MainController#index as HTML
  Parameters: {"model_name"=>"alumnus"}
  Rendering /usr/local/lib/ruby/gems/2.4.0/gems/rails_admin-1.2.0/app/views/rails_admin/main/index.html.haml within layouts/rails_admin/application
  [1m[36mAlumnus Load (2.5ms)[0m  [1m[34mSELECT  "alumni".* FROM "alumni" ORDER BY alumni.id desc LIMIT ? OFFSET ?[0m  [["LIMIT", 20], ["OFFSET", 0]]
  Rendered /usr/local/lib/ruby/gems/2.4.0/gems/rails_admin-1.2.0/app/views/rails_admin/main/index.html.haml within layouts/rails_admin/application (87.2ms)
  Rendered /usr/local/lib/ruby/gems/2.4.0/gems/rails_admin-1.2.0/app/views/layouts/rails_admin/_secondary_navigation.html.haml (16.5ms)
  Rendered /usr/local/lib/ruby/gems/2.4.0/gems/rails_admin-1.2.0/app/views/layouts/rails_admin/_navigation.html.haml (40.5ms)
  Rendered /usr/local/lib/ruby/gems/2.4.0/gems/rails_admin-1.2.0/app/views/layouts/rails_admin/_sidebar_navigation.html.haml (5.6ms)
  Rendering /usr/local/lib/ruby/gems/2.4.0/gems/rails_admin-1.2.0/app/views/layouts/rails_admin/pjax.html.haml
  Rendered /usr/local/lib/ruby/gems/2.4.0/gems/rails_admin-1.2.0/app/views/layouts/rails_admin/pjax.html.haml (23.3ms)
Completed 200 OK in 22321ms (Views: 21240.5ms | ActiveRecord: 3.9ms)


